TN:
SF:src/components/Combos/ComboForm.tsx
FN:25,(anonymous_0)
FN:54,(anonymous_1)
FN:55,(anonymous_2)
FN:62,(anonymous_3)
FN:66,(anonymous_4)
FN:81,(anonymous_5)
FN:91,(anonymous_6)
FN:99,(anonymous_7)
FN:112,(anonymous_8)
FN:119,(anonymous_9)
FN:130,(anonymous_10)
FN:141,(anonymous_11)
FN:142,(anonymous_12)
FN:145,(anonymous_13)
FN:146,(anonymous_14)
FN:152,(anonymous_15)
FN:153,(anonymous_16)
FN:155,(anonymous_17)
FN:159,(anonymous_18)
FN:160,(anonymous_19)
FN:160,(anonymous_20)
FN:164,(anonymous_21)
FN:165,(anonymous_22)
FN:166,(anonymous_23)
FN:175,(anonymous_24)
FN:186,(anonymous_25)
FN:222,(anonymous_26)
FN:226,(anonymous_27)
FN:244,(anonymous_28)
FN:254,(anonymous_29)
FN:267,(anonymous_30)
FN:276,(anonymous_31)
FN:283,(anonymous_32)
FN:327,(anonymous_33)
FN:367,(anonymous_34)
FN:377,(anonymous_35)
FN:405,(anonymous_36)
FNF:37
FNH:20
FNDA:4,(anonymous_0)
FNDA:1,(anonymous_1)
FNDA:2,(anonymous_2)
FNDA:0,(anonymous_3)
FNDA:2,(anonymous_4)
FNDA:0,(anonymous_5)
FNDA:0,(anonymous_6)
FNDA:0,(anonymous_7)
FNDA:22,(anonymous_8)
FNDA:7,(anonymous_9)
FNDA:1,(anonymous_10)
FNDA:12,(anonymous_11)
FNDA:12,(anonymous_12)
FNDA:1,(anonymous_13)
FNDA:1,(anonymous_14)
FNDA:0,(anonymous_15)
FNDA:0,(anonymous_16)
FNDA:0,(anonymous_17)
FNDA:0,(anonymous_18)
FNDA:0,(anonymous_19)
FNDA:0,(anonymous_20)
FNDA:8,(anonymous_21)
FNDA:2,(anonymous_22)
FNDA:3,(anonymous_23)
FNDA:1,(anonymous_24)
FNDA:0,(anonymous_25)
FNDA:66,(anonymous_26)
FNDA:2,(anonymous_27)
FNDA:10,(anonymous_28)
FNDA:0,(anonymous_29)
FNDA:2,(anonymous_30)
FNDA:0,(anonymous_31)
FNDA:0,(anonymous_32)
FNDA:1,(anonymous_33)
FNDA:0,(anonymous_34)
FNDA:0,(anonymous_35)
FNDA:0,(anonymous_36)
DA:8,1
DA:9,1
DA:20,1
DA:21,1
DA:24,1
DA:25,4
DA:54,1
DA:55,2
DA:57,1
DA:62,0
DA:67,2
DA:81,0
DA:91,0
DA:99,0
DA:112,1
DA:119,22
DA:130,1
DA:139,22
DA:141,22
DA:142,12
DA:145,22
DA:146,1
DA:152,22
DA:153,0
DA:155,0
DA:159,22
DA:160,0
DA:164,22
DA:165,8
DA:166,3
DA:167,2
DA:171,22
DA:173,22
DA:175,22
DA:176,1
DA:177,1
DA:178,0
DA:179,0
DA:181,1
DA:182,0
DA:183,0
DA:186,1
DA:187,1
DA:188,0
DA:189,0
DA:192,1
DA:193,1
DA:206,1
DA:212,22
DA:218,22
DA:223,66
DA:226,2
DA:244,10
DA:254,0
DA:267,2
DA:276,0
DA:283,0
DA:328,1
DA:368,0
DA:369,0
DA:377,0
DA:405,0
DA:420,1
LF:63
LH:43
BRDA:72,0,0,1
BRDA:72,0,1,0
BRDA:117,1,0,22
BRDA:121,2,0,7
BRDA:121,2,1,6
BRDA:122,3,0,7
BRDA:122,3,1,6
BRDA:123,4,0,7
BRDA:123,4,1,6
BRDA:125,5,0,7
BRDA:125,5,1,6
BRDA:126,6,0,1
BRDA:126,6,1,6
BRDA:127,7,0,7
BRDA:127,7,1,7
BRDA:128,8,0,7
BRDA:128,8,1,7
BRDA:129,9,0,7
BRDA:129,9,1,7
BRDA:130,10,0,7
BRDA:130,10,1,6
BRDA:155,11,0,0
BRDA:155,11,1,0
BRDA:167,12,0,1
BRDA:167,12,1,1
BRDA:171,13,0,1
BRDA:171,13,1,21
BRDA:171,14,0,22
BRDA:171,14,1,1
BRDA:173,15,0,0
BRDA:173,15,1,22
BRDA:173,16,0,22
BRDA:173,16,1,1
BRDA:177,17,0,0
BRDA:177,17,1,1
BRDA:181,18,0,0
BRDA:181,18,1,1
BRDA:181,19,0,1
BRDA:181,19,1,1
BRDA:187,20,0,0
BRDA:187,20,1,1
BRDA:187,21,0,1
BRDA:187,21,1,0
BRDA:196,22,0,1
BRDA:196,22,1,1
BRDA:198,23,0,1
BRDA:198,23,1,1
BRDA:199,24,0,1
BRDA:199,24,1,1
BRDA:203,25,0,0
BRDA:203,25,1,1
BRDA:203,26,0,0
BRDA:203,26,1,0
BRDA:228,27,0,22
BRDA:228,27,1,44
BRDA:239,28,0,22
BRDA:239,28,1,19
BRDA:267,29,0,2
BRDA:267,29,1,0
BRDA:275,30,0,19
BRDA:275,30,1,18
BRDA:276,31,0,0
BRDA:276,31,1,0
BRDA:282,32,0,19
BRDA:282,32,1,18
BRDA:287,33,0,19
BRDA:287,33,1,1
BRDA:287,33,2,1
BRDA:290,34,0,0
BRDA:290,34,1,1
BRDA:295,35,0,0
BRDA:295,35,1,1
BRDA:304,36,0,22
BRDA:304,36,1,3
BRDA:315,37,0,2
BRDA:315,37,1,1
BRDA:338,38,0,3
BRDA:338,38,1,1
BRDA:338,38,2,0
BRDA:350,39,0,22
BRDA:350,39,1,0
BRDA:373,40,0,0
BRDA:373,40,1,0
BRDA:388,41,0,0
BRDA:388,41,1,0
BRDA:393,42,0,0
BRDA:393,42,1,0
BRDA:399,43,0,0
BRDA:399,43,1,0
BRDA:404,44,0,0
BRDA:404,44,1,0
BRDA:405,45,0,0
BRDA:405,45,1,0
BRDA:413,46,0,0
BRDA:413,46,1,22
BRDA:413,47,0,1
BRDA:413,47,1,21
BRF:97
BRH:66
end_of_record
TN:
SF:src/components/Combos/ComboList.tsx
FN:26,(anonymous_0)
FN:39,(anonymous_1)
FN:52,(anonymous_2)
FN:54,(anonymous_3)
FN:55,(anonymous_4)
FN:58,(anonymous_5)
FN:84,(anonymous_6)
FN:90,(anonymous_7)
FN:93,(anonymous_8)
FN:136,(anonymous_9)
FN:187,(anonymous_10)
FN:202,(anonymous_11)
FN:213,(anonymous_12)
FN:220,(anonymous_13)
FNF:14
FNH:12
FNDA:34,(anonymous_0)
FNDA:15,(anonymous_1)
FNDA:15,(anonymous_2)
FNDA:2,(anonymous_3)
FNDA:0,(anonymous_4)
FNDA:14,(anonymous_5)
FNDA:7,(anonymous_6)
FNDA:42,(anonymous_7)
FNDA:1,(anonymous_8)
FNDA:17,(anonymous_9)
FNDA:1,(anonymous_10)
FNDA:0,(anonymous_11)
FNDA:1,(anonymous_12)
FNDA:1,(anonymous_13)
DA:10,1
DA:11,1
DA:21,1
DA:25,1
DA:26,34
DA:39,1
DA:49,15
DA:50,15
DA:52,15
DA:53,15
DA:54,15
DA:55,15
DA:56,15
DA:57,7
DA:58,14
DA:60,15
DA:63,15
DA:64,1
DA:75,14
DA:84,7
DA:91,42
DA:93,1
DA:137,17
DA:187,1
DA:202,0
DA:213,1
DA:220,1
DA:238,1
LF:28
LH:27
BRDA:42,0,0,15
BRDA:54,1,0,1
BRDA:54,1,1,14
BRDA:55,2,0,0
BRDA:55,2,1,15
BRDA:56,3,0,7
BRDA:56,3,1,8
BRDA:58,4,0,14
BRDA:58,4,1,7
BRDA:63,5,0,1
BRDA:63,5,1,14
BRDA:95,6,0,14
BRDA:95,6,1,28
BRDA:100,7,0,14
BRDA:100,7,1,28
BRDA:100,8,0,14
BRDA:100,8,1,14
BRDA:107,9,0,0
BRDA:107,9,1,14
BRDA:140,10,0,14
BRDA:140,10,1,3
BRDA:148,11,0,17
BRDA:148,11,1,17
BRDA:158,12,0,17
BRDA:158,12,1,17
BRDA:158,12,2,17
BRDA:170,13,0,16
BRDA:170,13,1,1
BRDA:179,14,0,17
BRDA:179,14,1,0
BRDA:188,15,0,16
BRDA:188,15,1,1
BRDA:190,16,0,16
BRDA:190,16,1,1
BRDA:195,17,0,16
BRDA:195,17,1,1
BRDA:203,18,0,0
BRDA:203,18,1,17
BRDA:205,19,0,0
BRDA:205,19,1,17
BRF:40
BRH:35
end_of_record
TN:
SF:src/components/Combos/ComboModal.tsx
FN:17,(anonymous_0)
FN:27,(anonymous_1)
FN:36,(anonymous_2)
FN:43,(anonymous_3)
FN:49,(anonymous_4)
FN:50,(anonymous_5)
FN:55,(anonymous_6)
FN:60,(anonymous_7)
FN:63,(anonymous_8)
FN:70,(anonymous_9)
FN:113,(anonymous_10)
FN:134,(anonymous_11)
FN:163,(anonymous_12)
FNF:13
FNH:11
FNDA:30,(anonymous_0)
FNDA:17,(anonymous_1)
FNDA:8,(anonymous_2)
FNDA:7,(anonymous_3)
FNDA:1,(anonymous_4)
FNDA:1,(anonymous_5)
FNDA:0,(anonymous_6)
FNDA:17,(anonymous_7)
FNDA:15,(anonymous_8)
FNDA:1,(anonymous_9)
FNDA:15,(anonymous_10)
FNDA:1,(anonymous_11)
FNDA:0,(anonymous_12)
DA:10,1
DA:11,1
DA:12,1
DA:13,1
DA:16,1
DA:17,30
DA:27,1
DA:34,17
DA:36,17
DA:37,8
DA:38,1
DA:39,1
DA:42,7
DA:43,7
DA:44,7
DA:46,7
DA:49,17
DA:50,1
DA:51,1
DA:52,1
DA:53,1
DA:55,0
DA:60,17
DA:61,17
DA:63,15
DA:64,15
DA:65,15
DA:66,15
DA:70,17
DA:71,1
DA:72,0
DA:73,0
DA:76,1
DA:77,1
DA:78,1
DA:80,0
DA:81,0
DA:84,0
DA:88,17
DA:90,15
DA:114,15
DA:115,15
DA:117,15
DA:134,1
DA:164,0
DA:188,1
LF:46
LH:39
BRDA:32,0,0,17
BRDA:37,1,0,1
BRDA:37,1,1,7
BRDA:37,2,0,8
BRDA:37,2,1,8
BRDA:51,3,0,1
BRDA:51,3,1,0
BRDA:55,4,0,0
BRDA:55,4,1,1
BRDA:61,5,0,2
BRDA:61,5,1,15
BRDA:61,6,0,17
BRDA:61,6,1,15
BRDA:65,7,0,15
BRDA:65,7,1,7
BRDA:71,8,0,0
BRDA:71,8,1,1
BRDA:71,9,0,1
BRDA:71,9,1,1
BRDA:77,10,0,1
BRDA:77,10,1,0
BRDA:88,11,0,2
BRDA:88,11,1,15
BRDA:98,12,0,15
BRDA:98,12,1,15
BRDA:98,12,2,15
BRDA:105,13,0,0
BRDA:105,13,1,15
BRDA:115,14,0,15
BRDA:115,14,1,7
BRDA:122,15,0,15
BRDA:122,15,1,0
BRDA:139,16,0,15
BRDA:139,16,1,0
BRDA:145,17,0,15
BRDA:145,17,1,1
BRDA:157,18,0,15
BRDA:157,18,1,15
BRDA:177,19,0,15
BRDA:177,19,1,1
BRDA:180,20,0,0
BRDA:180,20,1,15
BRF:42
BRH:34
end_of_record
TN:
SF:src/components/Combos/index.ts
FN:1,(anonymous_0)
FN:2,(anonymous_1)
FN:3,(anonymous_2)
FNF:3
FNH:3
FNDA:7,(anonymous_0)
FNDA:7,(anonymous_1)
FNDA:8,(anonymous_2)
DA:1,8
DA:2,8
DA:3,9
LF:3
LH:3
BRF:0
BRH:0
end_of_record
TN:
SF:src/components/common/Badge.tsx
FN:44,(anonymous_0)
FN:103,(anonymous_1)
FN:108,(anonymous_2)
FN:113,(anonymous_3)
FN:118,(anonymous_4)
FNF:5
FNH:0
FNDA:0,(anonymous_0)
FNDA:0,(anonymous_1)
FNDA:0,(anonymous_2)
FNDA:0,(anonymous_3)
FNDA:0,(anonymous_4)
DA:4,1
DA:15,1
DA:27,1
DA:38,1
DA:44,1
DA:51,0
DA:55,0
DA:71,1
DA:75,1
DA:90,1
DA:97,1
DA:103,1
DA:104,0
DA:105,0
DA:108,1
DA:109,0
DA:110,0
DA:113,1
DA:114,0
DA:115,0
DA:118,1
DA:119,0
DA:120,0
LF:23
LH:13
BRDA:47,0,0,0
BRDA:48,1,0,0
BRDA:51,2,0,0
BRDA:51,2,1,0
BRDA:52,3,0,0
BRDA:52,3,1,0
BRDA:53,4,0,0
BRDA:53,4,1,0
BRDA:104,5,0,0
BRDA:104,5,1,0
BRDA:105,6,0,0
BRDA:105,6,1,0
BRDA:109,7,0,0
BRDA:109,7,1,0
BRDA:114,8,0,0
BRDA:114,8,1,0
BRDA:119,9,0,0
BRDA:119,9,1,0
BRF:18
BRH:0
end_of_record
TN:
SF:src/components/common/Button.tsx
FN:38,(anonymous_0)
FN:45,(anonymous_1)
FNF:2
FNH:1
FNDA:0,(anonymous_0)
FNDA:55,(anonymous_1)
DA:1,1
DA:2,1
DA:21,1
DA:31,1
DA:38,1
DA:39,0
DA:45,1
DA:61,55
DA:63,55
DA:94,1
LF:10
LH:9
BRDA:47,0,0,40
BRDA:48,1,0,52
BRDA:49,2,0,55
BRDA:50,3,0,55
BRDA:51,4,0,3
BRDA:55,5,0,30
BRDA:61,6,0,55
BRDA:61,6,1,55
BRDA:61,6,2,41
BRDA:69,7,0,55
BRDA:69,7,1,55
BRDA:69,8,0,0
BRDA:69,8,1,55
BRDA:72,9,0,55
BRDA:72,9,1,0
BRDA:73,10,0,55
BRDA:73,10,1,0
BRDA:74,11,0,55
BRDA:74,11,1,14
BRDA:78,12,0,0
BRDA:78,12,1,55
BRDA:81,13,0,0
BRDA:81,13,1,0
BRDA:85,14,0,55
BRDA:85,14,1,0
BRDA:87,15,0,55
BRDA:87,15,1,0
BRF:27
BRH:19
end_of_record
TN:
SF:src/components/common/Card.tsx
FN:38,(anonymous_0)
FNF:1
FNH:0
FNDA:0,(anonymous_0)
DA:4,1
DA:20,1
DA:26,1
DA:32,1
DA:38,1
DA:49,0
DA:50,0
DA:51,0
DA:53,0
DA:86,1
LF:10
LH:6
BRDA:44,0,0,0
BRDA:45,1,0,0
BRDA:46,2,0,0
BRDA:49,3,0,0
BRDA:49,3,1,0
BRDA:50,4,0,0
BRDA:50,4,1,0
BRDA:51,5,0,0
BRDA:51,5,1,0
BRDA:63,6,0,0
BRDA:63,6,1,0
BRDA:63,6,2,0
BRDA:63,6,3,0
BRDA:66,7,0,0
BRDA:66,7,1,0
BRDA:70,8,0,0
BRDA:70,8,1,0
BRDA:73,9,0,0
BRDA:73,9,1,0
BRDA:77,10,0,0
BRDA:77,10,1,0
BRF:21
BRH:0
end_of_record
TN:
SF:src/components/common/EmptyState.tsx
FN:17,(anonymous_0)
FNF:1
FNH:0
FNDA:0,(anonymous_0)
DA:1,1
DA:2,1
DA:3,1
DA:4,1
DA:17,1
DA:24,0
LF:6
LH:5
BRDA:22,0,0,0
BRDA:32,1,0,0
BRDA:32,1,1,0
BRDA:37,2,0,0
BRDA:37,2,1,0
BRDA:42,3,0,0
BRDA:42,3,1,0
BRF:7
BRH:0
end_of_record
TN:
SF:src/components/common/Input.tsx
FN:37,(anonymous_0)
FNF:1
FNH:1
FNDA:76,(anonymous_0)
DA:4,1
DA:31,1
DA:37,1
DA:59,76
DA:60,76
DA:61,76
DA:63,76
DA:105,1
LF:8
LH:8
BRDA:42,0,0,38
BRDA:43,1,0,76
BRDA:44,2,0,76
BRDA:45,3,0,76
BRDA:46,4,0,76
BRDA:47,5,0,76
BRDA:48,6,0,38
BRDA:59,7,0,76
BRDA:59,7,1,76
BRDA:60,8,0,76
BRDA:60,8,1,76
BRDA:61,9,0,76
BRDA:61,9,1,0
BRDA:61,10,0,76
BRDA:61,10,1,76
BRDA:64,11,0,76
BRDA:64,11,1,76
BRDA:65,12,0,76
BRDA:65,12,1,76
BRDA:68,13,0,76
BRDA:68,13,1,38
BRDA:91,14,0,0
BRDA:91,14,1,76
BRDA:95,15,0,76
BRDA:95,15,1,0
BRDA:95,15,2,0
BRDA:98,16,0,76
BRDA:98,16,1,0
BRF:28
BRH:23
end_of_record
TN:
SF:src/components/common/Loading.tsx
FN:8,(anonymous_0)
FN:22,(anonymous_1)
FN:33,(anonymous_2)
FNF:3
FNH:0
FNDA:0,(anonymous_0)
FNDA:0,(anonymous_1)
FNDA:0,(anonymous_2)
DA:1,1
DA:8,1
DA:9,0
DA:15,0
DA:22,1
DA:23,0
DA:33,1
DA:34,0
LF:8
LH:4
BRDA:8,0,0,0
BRDA:8,1,0,0
BRF:2
BRH:0
end_of_record
TN:
SF:src/components/common/Modal.tsx
FN:14,(anonymous_0)
FN:98,(anonymous_1)
FNF:2
FNH:0
FNDA:0,(anonymous_0)
FNDA:0,(anonymous_1)
DA:1,1
DA:2,1
DA:3,1
DA:14,1
DA:22,0
DA:29,0
DA:98,1
DA:109,0
DA:115,0
LF:9
LH:5
BRDA:19,0,0,0
BRDA:20,1,0,0
BRDA:58,2,0,0
BRDA:58,2,1,0
BRDA:58,2,2,0
BRDA:60,3,0,0
BRDA:60,3,1,0
BRDA:65,4,0,0
BRDA:65,4,1,0
BRDA:104,5,0,0
BRDA:105,6,0,0
BRDA:106,7,0,0
BRDA:107,8,0,0
BRDA:133,9,0,0
BRDA:133,9,1,0
BRF:15
BRH:0
end_of_record
TN:
SF:src/components/common/PageTitle.tsx
FN:23,(anonymous_0)
FNF:1
FNH:0
FNDA:0,(anonymous_0)
DA:1,1
DA:23,1
DA:29,0
DA:50,1
LF:4
LH:3
BRDA:27,0,0,0
BRDA:35,1,0,0
BRDA:35,1,1,0
BRDA:41,2,0,0
BRDA:41,2,1,0
BRF:5
BRH:0
end_of_record
TN:
SF:src/components/common/Skeleton.tsx
FN:16,(anonymous_0)
FN:52,(anonymous_1)
FN:57,(anonymous_2)
FN:68,(anonymous_3)
FN:80,(anonymous_4)
FN:92,(anonymous_5)
FN:104,(anonymous_6)
FN:109,(anonymous_7)
FN:117,(anonymous_8)
FN:126,(anonymous_9)
FN:134,(anonymous_10)
FN:142,(anonymous_11)
FN:147,(anonymous_12)
FN:160,(anonymous_13)
FN:165,(anonymous_14)
FN:175,(anonymous_15)
FN:188,(anonymous_16)
FN:202,(anonymous_17)
FN:207,(anonymous_18)
FN:213,(anonymous_19)
FN:218,(anonymous_20)
FN:238,(anonymous_21)
FN:243,(anonymous_22)
FNF:23
FNH:0
FNDA:0,(anonymous_0)
FNDA:0,(anonymous_1)
FNDA:0,(anonymous_2)
FNDA:0,(anonymous_3)
FNDA:0,(anonymous_4)
FNDA:0,(anonymous_5)
FNDA:0,(anonymous_6)
FNDA:0,(anonymous_7)
FNDA:0,(anonymous_8)
FNDA:0,(anonymous_9)
FNDA:0,(anonymous_10)
FNDA:0,(anonymous_11)
FNDA:0,(anonymous_12)
FNDA:0,(anonymous_13)
FNDA:0,(anonymous_14)
FNDA:0,(anonymous_15)
FNDA:0,(anonymous_16)
FNDA:0,(anonymous_17)
FNDA:0,(anonymous_18)
FNDA:0,(anonymous_19)
FNDA:0,(anonymous_20)
FNDA:0,(anonymous_21)
FNDA:0,(anonymous_22)
DA:6,1
DA:16,1
DA:23,0
DA:25,0
DA:31,0
DA:38,0
DA:39,0
DA:40,0
DA:42,0
DA:52,1
DA:56,0
DA:58,0
DA:68,1
DA:72,0
DA:80,1
DA:84,0
DA:92,1
DA:93,0
DA:104,1
DA:108,0
DA:110,0
DA:117,1
DA:122,0
DA:127,0
DA:135,0
DA:142,1
DA:146,0
DA:148,0
DA:160,1
DA:164,0
DA:166,0
DA:175,1
DA:179,0
DA:188,1
DA:189,0
DA:202,1
DA:206,0
DA:208,0
DA:213,1
DA:217,0
DA:219,0
DA:220,0
DA:238,1
DA:242,0
DA:244,0
DA:256,1
LF:46
LH:16
BRDA:17,0,0,0
BRDA:20,1,0,0
BRDA:21,2,0,0
BRDA:39,3,0,0
BRDA:39,3,1,0
BRDA:39,4,0,0
BRDA:39,4,1,0
BRDA:40,5,0,0
BRDA:40,5,1,0
BRDA:40,6,0,0
BRDA:40,6,1,0
BRDA:53,7,0,0
BRDA:54,8,0,0
BRDA:62,9,0,0
BRDA:62,9,1,0
BRDA:62,10,0,0
BRDA:62,10,1,0
BRDA:69,11,0,0
BRDA:70,12,0,0
BRDA:81,13,0,0
BRDA:82,14,0,0
BRDA:92,15,0,0
BRDA:105,16,0,0
BRDA:106,17,0,0
BRDA:111,18,0,0
BRDA:111,18,1,0
BRDA:118,19,0,0
BRDA:119,20,0,0
BRDA:120,21,0,0
BRDA:143,22,0,0
BRDA:144,23,0,0
BRDA:161,24,0,0
BRDA:162,25,0,0
BRDA:176,26,0,0
BRDA:177,27,0,0
BRDA:188,28,0,0
BRDA:203,29,0,0
BRDA:204,30,0,0
BRDA:214,31,0,0
BRDA:215,32,0,0
BRDA:223,33,0,0
BRDA:223,33,1,0
BRDA:225,34,0,0
BRDA:225,34,1,0
BRDA:228,35,0,0
BRDA:228,35,1,0
BRDA:239,36,0,0
BRDA:240,37,0,0
BRF:48
BRH:0
end_of_record
TN:
SF:src/components/common/SkeletonLoader.tsx
FN:8,(anonymous_0)
FN:10,(anonymous_1)
FNF:2
FNH:0
FNDA:0,(anonymous_0)
FNDA:0,(anonymous_1)
DA:1,1
DA:8,1
DA:9,0
DA:11,0
LF:4
LH:2
BRDA:8,0,0,0
BRDA:8,1,0,0
BRF:2
BRH:0
end_of_record
TN:
SF:src/components/common/StatusFilter.tsx
FN:19,(anonymous_0)
FN:41,(anonymous_1)
FN:50,(anonymous_2)
FN:53,(anonymous_3)
FN:87,(anonymous_4)
FN:93,(anonymous_5)
FN:118,(anonymous_6)
FN:124,(anonymous_7)
FN:154,(anonymous_8)
FN:163,(anonymous_9)
FN:166,(anonymous_10)
FN:197,(anonymous_11)
FN:199,(anonymous_12)
FN:228,(anonymous_13)
FN:235,(anonymous_14)
FN:238,(anonymous_15)
FNF:16
FNH:0
FNDA:0,(anonymous_0)
FNDA:0,(anonymous_1)
FNDA:0,(anonymous_2)
FNDA:0,(anonymous_3)
FNDA:0,(anonymous_4)
FNDA:0,(anonymous_5)
FNDA:0,(anonymous_6)
FNDA:0,(anonymous_7)
FNDA:0,(anonymous_8)
FNDA:0,(anonymous_9)
FNDA:0,(anonymous_10)
FNDA:0,(anonymous_11)
FNDA:0,(anonymous_12)
FNDA:0,(anonymous_13)
FNDA:0,(anonymous_14)
FNDA:0,(anonymous_15)
DA:1,1
DA:2,1
DA:19,1
DA:26,0
DA:38,0
DA:41,0
DA:51,0
DA:53,0
DA:87,1
DA:93,0
DA:100,0
DA:118,1
DA:124,0
DA:131,0
DA:154,1
DA:160,0
DA:164,0
DA:166,0
DA:192,1
DA:197,1
DA:198,0
DA:199,0
DA:214,0
DA:228,1
DA:233,0
DA:236,0
DA:238,0
LF:27
LH:9
BRDA:23,0,0,0
BRDA:24,1,0,0
BRDA:43,2,0,0
BRDA:43,2,1,0
BRDA:55,3,0,0
BRDA:55,3,1,0
BRDA:60,4,0,0
BRDA:60,4,1,0
BRDA:61,5,0,0
BRDA:61,5,1,0
BRDA:64,6,0,0
BRDA:64,6,1,0
BRDA:64,6,2,0
BRDA:66,7,0,0
BRDA:66,7,1,0
BRDA:90,8,0,0
BRDA:91,9,0,0
BRDA:121,10,0,0
BRDA:122,11,0,0
BRDA:158,12,0,0
BRDA:168,13,0,0
BRDA:168,13,1,0
BRDA:175,14,0,0
BRDA:175,14,1,0
BRDA:177,15,0,0
BRDA:177,15,1,0
BRDA:165,16,0,0
BRDA:165,16,1,0
BRDA:197,17,0,0
BRDA:197,18,0,0
BRDA:231,19,0,0
BRDA:240,20,0,0
BRDA:240,20,1,0
BRF:33
BRH:0
end_of_record
TN:
SF:src/components/common/Switch.tsx
FN:12,(anonymous_0)
FN:43,(anonymous_1)
FNF:2
FNH:0
FNDA:0,(anonymous_0)
FNDA:0,(anonymous_1)
DA:1,1
DA:2,1
DA:12,1
DA:19,0
DA:25,0
DA:31,0
DA:37,0
DA:43,0
LF:8
LH:3
BRDA:15,0,0,0
BRDA:16,1,0,0
BRDA:17,2,0,0
BRDA:46,3,0,0
BRDA:46,3,1,0
BRDA:47,4,0,0
BRDA:47,4,1,0
BRDA:56,5,0,0
BRDA:56,5,1,0
BRF:9
BRH:0
end_of_record
TN:
SF:src/components/common/Table.tsx
FN:19,Table
FN:48,(anonymous_1)
FN:59,(anonymous_2)
FN:63,(anonymous_3)
FN:65,(anonymous_4)
FN:91,(anonymous_5)
FN:105,(anonymous_6)
FN:112,(anonymous_7)
FN:132,(anonymous_8)
FN:141,(anonymous_9)
FN:155,(anonymous_10)
FN:167,(anonymous_11)
FNF:12
FNH:0
FNDA:0,Table
FNDA:0,(anonymous_1)
FNDA:0,(anonymous_2)
FNDA:0,(anonymous_3)
FNDA:0,(anonymous_4)
FNDA:0,(anonymous_5)
FNDA:0,(anonymous_6)
FNDA:0,(anonymous_7)
FNDA:0,(anonymous_8)
FNDA:0,(anonymous_9)
FNDA:0,(anonymous_10)
FNDA:0,(anonymous_11)
DA:1,1
DA:19,1
DA:27,0
DA:28,0
DA:35,0
DA:36,0
DA:43,0
DA:49,0
DA:60,0
DA:63,0
DA:66,0
DA:91,1
DA:98,0
DA:99,0
DA:101,0
DA:105,0
DA:112,0
DA:132,0
DA:143,0
DA:144,0
DA:145,0
DA:146,0
DA:147,0
DA:148,0
DA:150,0
DA:152,0
DA:155,0
DA:167,0
LF:28
LH:3
BRDA:24,0,0,0
BRDA:25,1,0,0
BRDA:27,2,0,0
BRDA:27,2,1,0
BRDA:35,3,0,0
BRDA:35,3,1,0
BRDA:51,4,0,0
BRDA:51,4,1,0
BRDA:62,5,0,0
BRDA:62,5,1,0
BRDA:68,6,0,0
BRDA:68,6,1,0
BRDA:70,7,0,0
BRDA:70,7,1,0
BRDA:96,8,0,0
BRDA:99,9,0,0
BRDA:99,9,1,0
BRDA:121,10,0,0
BRDA:121,10,1,0
BRDA:143,11,0,0
BRDA:143,11,1,0
BRDA:145,12,0,0
BRDA:145,12,1,0
BRDA:147,13,0,0
BRDA:147,13,1,0
BRDA:157,14,0,0
BRDA:157,14,1,0
BRF:27
BRH:0
end_of_record
TN:
SF:src/components/common/Tabs.tsx
FN:17,(anonymous_0)
FN:26,(anonymous_1)
FN:29,(anonymous_2)
FNF:3
FNH:0
FNDA:0,(anonymous_0)
FNDA:0,(anonymous_1)
FNDA:0,(anonymous_2)
DA:1,1
DA:2,1
DA:17,1
DA:23,0
DA:27,0
DA:29,0
LF:6
LH:3
BRDA:21,0,0,0
BRDA:32,1,0,0
BRDA:32,1,1,0
BRF:3
BRH:0
end_of_record
TN:
SF:src/components/common/Textarea.tsx
FN:13,(anonymous_0)
FNF:1
FNH:0
FNDA:0,(anonymous_0)
DA:1,1
DA:7,1
DA:13,1
DA:18,0
DA:26,1
LF:5
LH:4
BRDA:14,0,0,0
BRDA:15,1,0,0
BRF:2
BRH:0
end_of_record
TN:
SF:src/components/common/index.ts
FN:1,(anonymous_0)
FN:2,(anonymous_1)
FN:3,(anonymous_2)
FN:4,(anonymous_3)
FN:5,(anonymous_4)
FN:6,(anonymous_5)
FN:8,(anonymous_6)
FN:9,(anonymous_7)
FN:10,(anonymous_8)
FN:11,(anonymous_9)
FN:12,(anonymous_10)
FN:13,(anonymous_11)
FN:14,(anonymous_12)
FN:15,(anonymous_13)
FN:16,(anonymous_14)
FN:17,(anonymous_15)
FN:18,(anonymous_16)
FN:19,(anonymous_17)
FN:20,(anonymous_18)
FN:21,(anonymous_19)
FN:24,(anonymous_20)
FN:25,(anonymous_21)
FN:26,(anonymous_22)
FN:27,(anonymous_23)
FN:28,(anonymous_24)
FN:29,(anonymous_25)
FN:30,(anonymous_26)
FN:31,(anonymous_27)
FN:33,(anonymous_28)
FN:33,(anonymous_29)
FN:34,(anonymous_30)
FN:34,(anonymous_31)
FN:35,(anonymous_32)
FN:35,(anonymous_33)
FN:35,(anonymous_34)
FN:36,(anonymous_35)
FN:38,(anonymous_36)
FN:39,(anonymous_37)
FN:40,(anonymous_38)
FN:41,(anonymous_39)
FN:42,(anonymous_40)
FN:43,(anonymous_41)
FN:46,(anonymous_42)
FN:47,(anonymous_43)
FNF:44
FNH:44
FNDA:1,(anonymous_0)
FNDA:1,(anonymous_1)
FNDA:1,(anonymous_2)
FNDA:1,(anonymous_3)
FNDA:1,(anonymous_4)
FNDA:1,(anonymous_5)
FNDA:1,(anonymous_6)
FNDA:1,(anonymous_7)
FNDA:1,(anonymous_8)
FNDA:1,(anonymous_9)
FNDA:1,(anonymous_10)
FNDA:1,(anonymous_11)
FNDA:1,(anonymous_12)
FNDA:1,(anonymous_13)
FNDA:1,(anonymous_14)
FNDA:1,(anonymous_15)
FNDA:1,(anonymous_16)
FNDA:1,(anonymous_17)
FNDA:1,(anonymous_18)
FNDA:1,(anonymous_19)
FNDA:1,(anonymous_20)
FNDA:1,(anonymous_21)
FNDA:1,(anonymous_22)
FNDA:1,(anonymous_23)
FNDA:1,(anonymous_24)
FNDA:1,(anonymous_25)
FNDA:1,(anonymous_26)
FNDA:1,(anonymous_27)
FNDA:1,(anonymous_28)
FNDA:1,(anonymous_29)
FNDA:1,(anonymous_30)
FNDA:1,(anonymous_31)
FNDA:1,(anonymous_32)
FNDA:1,(anonymous_33)
FNDA:1,(anonymous_34)
FNDA:1,(anonymous_35)
FNDA:1,(anonymous_36)
FNDA:1,(anonymous_37)
FNDA:1,(anonymous_38)
FNDA:1,(anonymous_39)
FNDA:1,(anonymous_40)
FNDA:1,(anonymous_41)
FNDA:1,(anonymous_42)
FNDA:1,(anonymous_43)
DA:1,2
DA:2,2
DA:3,2
DA:4,2
DA:5,2
DA:6,2
DA:7,1
DA:8,2
DA:9,2
DA:10,2
DA:11,2
DA:12,2
DA:13,2
DA:14,2
DA:15,2
DA:16,2
DA:17,2
DA:18,2
DA:19,2
DA:20,2
DA:21,2
DA:23,1
DA:24,2
DA:25,2
DA:26,2
DA:27,2
DA:28,2
DA:29,2
DA:30,2
DA:31,2
DA:33,2
DA:34,2
DA:35,2
DA:36,2
DA:37,1
DA:38,2
DA:39,2
DA:40,2
DA:41,2
DA:42,2
DA:43,2
DA:46,2
DA:47,2
LF:43
LH:43
BRF:0
BRH:0
end_of_record
TN:
SF:src/hooks/usePushNotifications.ts
FN:26,urlBase64ToUint8Array
FN:30,(anonymous_1)
FN:33,usePushNotifications
FN:46,(anonymous_3)
FN:48,(anonymous_4)
FN:49,(anonymous_5)
FN:56,(anonymous_6)
FN:104,(anonymous_7)
FNF:8
FNH:8
FNDA:1,urlBase64ToUint8Array
FNDA:8,(anonymous_1)
FNDA:12,usePushNotifications
FNDA:6,(anonymous_3)
FNDA:6,(anonymous_4)
FNDA:6,(anonymous_5)
FNDA:3,(anonymous_6)
FNDA:1,(anonymous_7)
DA:11,1
DA:12,1
DA:27,1
DA:28,1
DA:29,1
DA:30,8
DA:33,1
DA:35,12
DA:37,12
DA:40,12
DA:41,12
DA:42,12
DA:43,12
DA:46,12
DA:47,6
DA:48,6
DA:49,6
DA:50,6
DA:51,6
DA:56,12
DA:57,3
DA:58,0
DA:59,0
DA:62,3
DA:63,3
DA:65,3
DA:67,3
DA:68,3
DA:69,3
DA:70,1
DA:71,1
DA:75,2
DA:76,1
DA:79,1
DA:80,1
DA:86,1
DA:87,1
DA:94,1
DA:95,1
DA:97,1
DA:98,1
DA:100,3
DA:104,12
DA:105,1
DA:107,1
DA:108,1
DA:110,1
DA:111,1
DA:112,1
DA:113,1
DA:114,1
DA:116,0
DA:117,0
DA:119,1
DA:123,12
LF:55
LH:51
BRDA:35,0,0,12
BRDA:35,0,1,12
BRDA:35,0,2,12
BRDA:38,1,0,12
BRDA:38,1,1,0
BRDA:47,2,0,0
BRDA:47,2,1,6
BRDA:57,3,0,0
BRDA:57,3,1,3
BRDA:69,4,0,1
BRDA:69,4,1,2
BRDA:89,5,0,1
BRDA:89,5,1,0
BRDA:90,6,0,1
BRDA:90,6,1,0
BRDA:97,7,0,1
BRDA:97,7,1,0
BRDA:105,8,0,0
BRDA:105,8,1,1
BRDA:116,9,0,0
BRDA:116,9,1,0
BRF:21
BRH:12
end_of_record
TN:
SF:src/services/commerce.ts
FN:8,(anonymous_0)
FN:9,(anonymous_1)
FN:10,(anonymous_2)
FN:13,(anonymous_3)
FN:14,(anonymous_4)
FN:15,(anonymous_5)
FN:16,(anonymous_6)
FN:17,(anonymous_7)
FN:20,(anonymous_8)
FN:21,(anonymous_9)
FN:24,(anonymous_10)
FN:25,(anonymous_11)
FN:26,(anonymous_12)
FN:29,(anonymous_13)
FN:30,(anonymous_14)
FN:31,(anonymous_15)
FNF:16
FNH:11
FNDA:1,(anonymous_0)
FNDA:1,(anonymous_1)
FNDA:0,(anonymous_2)
FNDA:2,(anonymous_3)
FNDA:1,(anonymous_4)
FNDA:1,(anonymous_5)
FNDA:1,(anonymous_6)
FNDA:1,(anonymous_7)
FNDA:1,(anonymous_8)
FNDA:0,(anonymous_9)
FNDA:0,(anonymous_10)
FNDA:0,(anonymous_11)
FNDA:0,(anonymous_12)
FNDA:2,(anonymous_13)
FNDA:1,(anonymous_14)
FNDA:1,(anonymous_15)
DA:5,1
DA:8,1
DA:9,1
DA:10,1
DA:13,2
DA:14,1
DA:15,1
DA:16,1
DA:17,1
DA:20,1
DA:21,1
DA:24,1
DA:25,1
DA:26,1
DA:29,2
DA:30,1
DA:31,1
DA:33,1
DA:34,1
DA:35,1
DA:38,1
DA:45,1
DA:49,1
DA:78,1
LF:24
LH:24
BRDA:34,0,0,0
BRDA:34,0,1,1
BRDA:40,1,0,0
BRDA:40,1,1,1
BRDA:42,2,0,1
BRDA:42,2,1,1
BRF:6
BRH:4
end_of_record
TN:
SF:src/services/notifications.ts
FN:47,(anonymous_0)
FN:54,(anonymous_1)
FN:57,(anonymous_2)
FN:63,(anonymous_3)
FN:66,(anonymous_4)
FN:69,(anonymous_5)
FN:72,(anonymous_6)
FN:79,(anonymous_7)
FN:82,(anonymous_8)
FNF:9
FNH:9
FNDA:2,(anonymous_0)
FNDA:1,(anonymous_1)
FNDA:2,(anonymous_2)
FNDA:1,(anonymous_3)
FNDA:1,(anonymous_4)
FNDA:1,(anonymous_5)
FNDA:1,(anonymous_6)
FNDA:1,(anonymous_7)
FNDA:1,(anonymous_8)
DA:6,1
DA:47,1
DA:52,2
DA:54,1
DA:55,1
DA:57,1
DA:58,2
DA:63,1
DA:64,1
DA:66,1
DA:67,1
DA:69,1
DA:70,1
DA:72,1
DA:77,1
DA:79,1
DA:80,1
DA:82,1
DA:83,1
DA:85,1
DA:97,1
LF:21
LH:21
BRDA:59,0,0,2
BRDA:59,0,1,1
BRDA:60,1,0,2
BRDA:60,1,1,1
BRF:4
BRH:4
end_of_record
TN:
SF:src/services/orders.ts
FN:10,(anonymous_0)
FN:17,(anonymous_1)
FN:22,(anonymous_2)
FN:51,(anonymous_3)
FN:61,(anonymous_4)
FN:66,(anonymous_5)
FN:75,(anonymous_6)
FN:91,(anonymous_7)
FN:96,(anonymous_8)
FN:101,(anonymous_9)
FN:106,(anonymous_10)
FN:111,(anonymous_11)
FN:116,(anonymous_12)
FN:121,(anonymous_13)
FN:126,(anonymous_14)
FN:131,(anonymous_15)
FN:136,(anonymous_16)
FN:141,(anonymous_17)
FN:146,(anonymous_18)
FN:151,(anonymous_19)
FN:158,(anonymous_20)
FN:163,(anonymous_21)
FN:168,(anonymous_22)
FN:178,(anonymous_23)
FN:192,(anonymous_24)
FN:200,(anonymous_25)
FN:207,(anonymous_26)
FNF:27
FNH:3
FNDA:0,(anonymous_0)
FNDA:4,(anonymous_1)
FNDA:1,(anonymous_2)
FNDA:0,(anonymous_3)
FNDA:0,(anonymous_4)
FNDA:1,(anonymous_5)
FNDA:0,(anonymous_6)
FNDA:0,(anonymous_7)
FNDA:0,(anonymous_8)
FNDA:0,(anonymous_9)
FNDA:0,(anonymous_10)
FNDA:0,(anonymous_11)
FNDA:0,(anonymous_12)
FNDA:0,(anonymous_13)
FNDA:0,(anonymous_14)
FNDA:0,(anonymous_15)
FNDA:0,(anonymous_16)
FNDA:0,(anonymous_17)
FNDA:0,(anonymous_18)
FNDA:0,(anonymous_19)
FNDA:0,(anonymous_20)
FNDA:0,(anonymous_21)
FNDA:0,(anonymous_22)
FNDA:0,(anonymous_23)
FNDA:0,(anonymous_24)
FNDA:0,(anonymous_25)
FNDA:0,(anonymous_26)
DA:1,1
DA:10,1
DA:11,0
DA:12,0
DA:14,0
DA:17,1
DA:18,4
DA:19,4
DA:22,1
DA:50,1
DA:54,0
DA:55,0
DA:56,0
DA:57,0
DA:58,0
DA:62,0
DA:63,0
DA:69,1
DA:70,1
DA:71,1
DA:72,1
DA:76,0
DA:79,0
DA:92,0
DA:93,0
DA:97,0
DA:102,0
DA:103,0
DA:107,0
DA:108,0
DA:112,0
DA:113,0
DA:117,0
DA:118,0
DA:122,0
DA:123,0
DA:127,0
DA:128,0
DA:132,0
DA:133,0
DA:137,0
DA:138,0
DA:142,0
DA:143,0
DA:147,0
DA:148,0
DA:152,0
DA:155,0
DA:159,0
DA:160,0
DA:164,0
DA:165,0
DA:169,0
DA:170,0
DA:171,0
DA:175,0
DA:186,0
DA:187,0
DA:188,0
DA:189,0
DA:193,0
DA:197,0
DA:201,0
DA:204,0
DA:208,0
DA:211,0
DA:215,1
LF:67
LH:12
BRDA:11,0,0,0
BRDA:11,0,1,0
BRDA:18,1,0,0
BRDA:18,1,1,4
BRDA:18,2,0,4
BRDA:18,2,1,4
BRDA:19,3,0,4
BRDA:19,3,1,0
BRDA:26,4,0,0
BRDA:26,4,1,1
BRDA:26,5,0,1
BRDA:26,5,1,0
BRDA:31,6,0,1
BRDA:31,6,1,1
BRDA:31,6,2,0
BRDA:55,7,0,0
BRDA:55,7,1,0
BRDA:70,8,0,0
BRDA:70,8,1,1
BRDA:82,9,0,0
BRDA:82,9,1,0
BRDA:82,10,0,0
BRDA:82,10,1,0
BRDA:85,11,0,0
BRDA:85,11,1,0
BRDA:85,12,0,0
BRDA:85,12,1,0
BRDA:170,13,0,0
BRDA:170,13,1,0
BRDA:187,14,0,0
BRDA:187,14,1,0
BRF:31
BRH:9
end_of_record
TN:
SF:src/utils/avatar.ts
FN:6,getAvatarColor
FN:7,(anonymous_1)
FN:11,getInitials
FN:12,(anonymous_3)
FNF:4
FNH:4
FNDA:4,getAvatarColor
FNDA:14,(anonymous_1)
FNDA:6,getInitials
FNDA:6,(anonymous_3)
DA:1,1
DA:6,1
DA:7,14
DA:8,4
DA:11,1
DA:12,6
DA:13,3
LF:7
LH:7
BRDA:12,0,0,3
BRDA:12,0,1,3
BRDA:13,1,0,3
BRDA:13,1,1,2
BRF:4
BRH:4
end_of_record
TN:
SF:src/utils/cn.ts
FN:7,cn
FNF:1
FNH:1
FNDA:55,cn
DA:1,1
DA:2,1
DA:7,1
DA:8,55
LF:4
LH:4
BRF:0
BRH:0
end_of_record
